app/build/intermediates/manifest_merge_blame_file/debug/manifest-merger-blame-debug-report.txt
1<?xml version="1.0" encoding="utf-8"?>
2<manifest xmlns:android="http://schemas.android.com/apk/res/android"
3    package="com.practica2.practica4wiidgetautomatico"
4    android:versionCode="1"
5    android:versionName="1.0" >
6
7    <uses-sdk
8        android:minSdkVersion="21"
8-->src/main/AndroidManifest.xml
9        android:targetSdkVersion="30" />
9-->src/main/AndroidManifest.xml
10
11    <uses-permission android:name="android.permission.READ_EXTERNAL_STORAGE" />
11-->src/main/AndroidManifest.xml:4:5-79
11-->src/main/AndroidManifest.xml:4:22-77
12    <uses-permission android:name="android.permission.WRITE_EXTERNAL_STORAGE" />
12-->src/main/AndroidManifest.xml:5:5-80
12-->src/main/AndroidManifest.xml:5:22-78
13
14    <application
14-->src/main/AndroidManifest.xml:6:5-35:19
15        android:allowBackup="true"
15-->src/main/AndroidManifest.xml:7:9-35
16        android:appComponentFactory="androidx.core.app.CoreComponentFactory"
16-->[androidx.core:core:1.3.1] AndroidManifest.xml:24:18-86
17        android:debuggable="true"
18        android:icon="@mipmap/ic_launcher"
18-->src/main/AndroidManifest.xml:8:9-43
19        android:label="@string/app_name"
19-->src/main/AndroidManifest.xml:9:9-41
20        android:requestLegacyExternalStorage="true"
20-->src/main/AndroidManifest.xml:13:9-52
21        android:roundIcon="@mipmap/ic_launcher_round"
21-->src/main/AndroidManifest.xml:10:9-54
22        android:supportsRtl="true"
22-->src/main/AndroidManifest.xml:11:9-35
23        android:testOnly="true"
24        android:theme="@style/Theme.Practica4WiidgetAutomatico" >
24-->src/main/AndroidManifest.xml:12:9-64
25        <activity android:name="com.practica2.practica4wiidgetautomatico.MainActivity" >
25-->src/main/AndroidManifest.xml:15:9-21:20
25-->src/main/AndroidManifest.xml:15:19-47
26            <intent-filter>
26-->src/main/AndroidManifest.xml:16:13-20:29
27                <action android:name="android.intent.action.MAIN" />
27-->src/main/AndroidManifest.xml:17:17-69
27-->src/main/AndroidManifest.xml:17:25-66
28
29                <category android:name="android.intent.category.LAUNCHER" />
29-->src/main/AndroidManifest.xml:19:17-77
29-->src/main/AndroidManifest.xml:19:27-74
30            </intent-filter>
31        </activity>
32
33        <receiver android:name="com.practica2.practica4wiidgetautomatico.widget" >
33-->src/main/AndroidManifest.xml:24:9-34:20
33-->src/main/AndroidManifest.xml:24:19-81
34            <intent-filter>
34-->src/main/AndroidManifest.xml:25:13-28:29
35                <action android:name="android.appwidget.action.APPWIDGET_UPDATE" />
35-->src/main/AndroidManifest.xml:26:17-83
35-->src/main/AndroidManifest.xml:26:25-81
36                <action android:name="stop" />
36-->src/main/AndroidManifest.xml:27:17-46
36-->src/main/AndroidManifest.xml:27:25-44
37            </intent-filter>
38
39            <meta-data
39-->src/main/AndroidManifest.xml:29:13-32:19
40                android:name="android.appwidget.provider"
40-->src/main/AndroidManifest.xml:30:17-58
41                android:resource="@xml/widgetconfigure" />
41-->src/main/AndroidManifest.xml:31:17-56
42        </receiver>
43    </application>
44
45</manifest>